<?xml version="1.0" encoding="UTF-8"?>
<!-- Generated by org.testng.reporters.JUnitReportReporter -->
<testsuite hostname="LAPTOP-IO7O6G3K" failures="0" tests="1" name="test.ViewProductDetailsTest" time="8.071" errors="0" timestamp="2024-06-17T20:53:09 IST" skipped="0">
  <testcase classname="test.ViewProductDetailsTest" name="verifyIfUserIsViewProductDetailsFromQuickView" time="8.071"/>
</testsuite> <!-- test.ViewProductDetailsTest -->
