<?xml version="1.0" encoding="UTF-8"?>
<!-- Generated by org.testng.reporters.JUnitReportReporter -->
<testsuite hostname="LAPTOP-IO7O6G3K" failures="0" tests="1" name="test.CartTest" time="5.865" errors="0" timestamp="2024-06-19T20:52:33 IST" skipped="0">
  <testcase classname="test.CartTest" name="verifyAddToCartFromOrderDeatils" time="5.865"/>
</testsuite> <!-- test.CartTest -->
