<?xml version="1.0" encoding="UTF-8"?>
<!-- Generated by org.testng.reporters.JUnitReportReporter -->
<testsuite hostname="LAPTOP-IO7O6G3K" failures="0" tests="1" name="test.CartTest" time="9.398" errors="0" timestamp="2024-06-20T20:55:08 IST" skipped="0">
  <testcase classname="test.CartTest" name="verifyAmountsInCart" time="9.398"/>
</testsuite> <!-- test.CartTest -->
